<?xml version="1.0" encoding="UTF-8"?>
<!-- Generated by org.testng.reporters.JUnitReportReporter -->
<testsuite hostname="DESKTOP-IHHTLMS" failures="0" tests="1" name="samplePackage.Tests" time="2.500" errors="0" timestamp="2024-02-21T16:37:37 IST" skipped="0">
  <testcase classname="samplePackage.Tests" name="test1" time="2.500"/>
  <system-out/>
</testsuite> <!-- samplePackage.Tests -->
